\BOOKMARK [0][-]{chapter.1}{F\370lger og rekker}{}% 1
\BOOKMARK [1][-]{section.1.1}{F\370lger}{chapter.1}% 2
\BOOKMARK [1][-]{section.1.2}{Rekker}{chapter.1}% 3
\BOOKMARK [1][-]{section.1.3}{Induksjon}{chapter.1}% 4
\BOOKMARK [1][-]{section*.1}{Forklaringer}{chapter.1}% 5
\BOOKMARK [1][-]{section*.2}{Oppgaver}{chapter.1}% 6
\BOOKMARK [0][-]{chapter.2}{Trigonometri}{}% 7
\BOOKMARK [1][-]{section.2.1}{Vinkler og enhetssirkelen}{chapter.2}% 8
\BOOKMARK [1][-]{section.2.2}{Trigonometriske uttrykk}{chapter.2}% 9
\BOOKMARK [1][-]{section.2.3}{Line\346re ligninger }{chapter.2}% 10
\BOOKMARK [1][-]{section.2.4}{Kvadratiske ligninger}{chapter.2}% 11
\BOOKMARK [1][-]{section.2.5}{Trigonometriske funksjoner }{chapter.2}% 12
\BOOKMARK [1][-]{section*.4}{Forklaringer}{chapter.2}% 13
\BOOKMARK [1][-]{section*.5}{Oppgaver}{chapter.2}% 14
\BOOKMARK [0][-]{chapter.3}{Vektorer i rommet}{}% 15
\BOOKMARK [1][-]{section.3.1}{Vektorbegrepet}{chapter.3}% 16
\BOOKMARK [1][-]{section.3.2}{Skalarproduktet}{chapter.3}% 17
\BOOKMARK [1][-]{section.3.3}{Vinkelrette og parallelle vektorer}{chapter.3}% 18
\BOOKMARK [1][-]{section.3.4}{Determinanter}{chapter.3}% 19
\BOOKMARK [1][-]{section.3.5}{Vektorproduktet}{chapter.3}% 20
\BOOKMARK [1][-]{section*.10}{Forklaringer}{chapter.3}% 21
\BOOKMARK [1][-]{section*.12}{Oppgaver}{chapter.3}% 22
\BOOKMARK [0][-]{chapter.4}{Romgeometrier}{}% 23
\BOOKMARK [1][-]{section.4.1}{Parameteriseringer}{chapter.4}% 24
\BOOKMARK [1][-]{section.4.2}{Ligninger til geometrier}{chapter.4}% 25
\BOOKMARK [1][-]{section.4.3}{Avstander mellom geometrier}{chapter.4}% 26
\BOOKMARK [1][-]{section.4.4}{Vinkler mellom geometrier}{chapter.4}% 27
\BOOKMARK [1][-]{section*.21}{Forklaringer}{chapter.4}% 28
\BOOKMARK [1][-]{section*.22}{Oppgaver}{chapter.4}% 29
\BOOKMARK [0][-]{chapter.5}{Derivasjon}{}% 30
\BOOKMARK [1][-]{section.5.1}{Derivasjonsregler}{chapter.5}% 31
\BOOKMARK [1][-]{section.5.2}{Andrederiverttesten}{chapter.5}% 32
\BOOKMARK [1][-]{section.5.3}{Den antideriverte}{chapter.5}% 33
\BOOKMARK [1][-]{section*.26}{Forklaringer}{chapter.5}% 34
\BOOKMARK [1][-]{section*.33}{Oppgaver}{chapter.5}% 35
\BOOKMARK [0][-]{chapter.6}{Integrasjon }{}% 36
\BOOKMARK [1][-]{section.6.1}{Bestemt og ubestemt integral}{chapter.6}% 37
\BOOKMARK [1][-]{section.6.2}{Integralregning}{chapter.6}% 38
\BOOKMARK [1][-]{section.6.3}{Areal og volum}{chapter.6}% 39
\BOOKMARK [1][-]{section*.35}{Forklaringer}{chapter.6}% 40
\BOOKMARK [1][-]{section*.36}{Oppgaver}{chapter.6}% 41
\BOOKMARK [0][-]{chapter.7}{Differensialligninger}{}% 42
\BOOKMARK [1][-]{section.7.1}{Introduksjon til differensialligninger}{chapter.7}% 43
\BOOKMARK [1][-]{section.7.2}{F\370rste ordens line\346re differensialligninger}{chapter.7}% 44
\BOOKMARK [1][-]{section.7.3}{Separable differensialligninger}{chapter.7}% 45
\BOOKMARK [1][-]{section.7.4}{Retningsdiagram}{chapter.7}% 46
\BOOKMARK [1][-]{section.7.5}{Andre ordens line\346re differensialligninger}{chapter.7}% 47
\BOOKMARK [1][-]{section.7.6}{Anvendelser}{chapter.7}% 48
\BOOKMARK [1][-]{section*.44}{Forklaringer}{chapter.7}% 49
\BOOKMARK [1][-]{section*.48}{Oppgaver}{chapter.7}% 50
\BOOKMARK [0][-]{chapter*.51}{Vedlegg A-E}{}% 51
\BOOKMARK [0][-]{chapter*.64}{Indeks}{}% 52
\BOOKMARK [0][-]{chapter*.66}{Fasit}{}% 53
